2023.12.15 15:40:26 INFO  Started: Metals version 1.2.0 in folders 'C:\Users\ilyes\Documents\S7\Prog Fonctionnelle Scala\Projet Scala' for client Visual Studio Code 1.82.2.
2023.12.15 15:40:26 WARN  Build server is not auto-connectable.
2023.12.15 15:40:26 WARN  no build tool detected in workspace 'C:\Users\ilyes\Documents\S7\Prog Fonctionnelle Scala\Projet Scala'. The most common cause for this problem is that the editor was opened in the wrong working directory, for example if you use sbt then the workspace directory should contain build.sbt. 
2023.12.15 15:51:41 INFO  
2023.12.15 15:51:41 INFO  Template applied in C:\Users\ilyes\Documents\S7\Prog Fonctionnelle Scala\Projet Scala\.\scala_streaming
2023.12.15 15:51:41 INFO  
2023.12.15 15:51:41 INFO  time: ran 'giter8.Giter8' in 9.09s
2023.12.15 15:56:25 WARN  no build target for: C:\Users\ilyes\Documents\S7\Prog Fonctionnelle Scala\Projet Scala\scala_streaming\src\main\scala\Main.scala
2023.12.15 15:57:22 INFO  no build target found for C:\Users\ilyes\Documents\S7\Prog Fonctionnelle Scala\Projet Scala\scala_streaming\src\main\scala\Main.scala. Using presentation compiler with project's scala-library version: 3.3.1
2023.12.15 15:57:24 INFO  time: code lens generation in 58s
2023.12.15 15:57:24 INFO  time: code lens generation in 57s
2023.12.15 15:58:42 WARN  no build target for: C:\Users\ilyes\Documents\S7\Prog Fonctionnelle Scala\Projet Scala\scala_streaming\src\main\scala\Main.scala
2023.12.15 15:59:11 WARN  no build target for: C:\Users\ilyes\Documents\S7\Prog Fonctionnelle Scala\Projet Scala\scala_streaming\src\main\scala\MainApp.scala
2023.12.15 15:59:30 WARN  no build target for: C:\Users\ilyes\Documents\S7\Prog Fonctionnelle Scala\Projet Scala\scala_streaming\build.sbt
2023.12.15 16:01:19 WARN  no build target for: C:\Users\ilyes\Documents\S7\Prog Fonctionnelle Scala\Projet Scala\scala_streaming\build.sbt
déc. 15, 2023 4:16:28 PM org.eclipse.lsp4j.jsonrpc.RemoteEndpoint handleCancellation
WARNING: Unmatched cancel notification for request id 273
2023.12.15 16:16:28 WARN  no build target for: C:\Users\ilyes\Documents\S7\Prog Fonctionnelle Scala\Projet Scala\scala_streaming\src\main\scala\MainApp.scala
2023.12.15 16:17:28 WARN  no build target for: C:\Users\ilyes\Documents\S7\Prog Fonctionnelle Scala\Projet Scala\scala_streaming\build.sbt
2023.12.15 16:17:30 WARN  no build target for: C:\Users\ilyes\Documents\S7\Prog Fonctionnelle Scala\Projet Scala\scala_streaming\build.sbt
2023.12.15 16:18:11 WARN  no build target for: C:\Users\ilyes\Documents\S7\Prog Fonctionnelle Scala\Projet Scala\scala_streaming\src\main\scala\MainApp.scala
2023.12.15 16:18:11 WARN  no build target for: C:\Users\ilyes\Documents\S7\Prog Fonctionnelle Scala\Projet Scala\scala_streaming\src\main\scala\MainApp.scala
2023.12.15 16:18:13 INFO  Shutting down server
2023.12.15 16:18:13 INFO  shutting down Metals
2023.12.15 16:18:13 INFO  Exiting server
2023.12.15 16:18:56 INFO  Started: Metals version 1.2.0 in folders 'C:\Users\ilyes\Documents\S7\Prog Fonctionnelle Scala\Projet Scala' for client Visual Studio Code 1.85.1.
2023.12.15 16:18:57 WARN  Build server is not auto-connectable.
2023.12.15 16:18:57 WARN  no build target for: C:\Users\ilyes\Documents\S7\Prog Fonctionnelle Scala\Projet Scala\scala_streaming\src\main\scala\MainApp.scala
déc. 15, 2023 4:18:58 PM org.eclipse.lsp4j.jsonrpc.RemoteEndpoint handleCancellation
WARNING: Unmatched cancel notification for request id 1
2023.12.15 16:19:00 INFO  running 'C:\Users\20200766\Documents\jdk-19.0.2\bin\java.exe -Djline.terminal=jline.UnsupportedTerminal -Dsbt.log.noformat=true -Dfile.encoding=UTF-8 -jar C:\Users\ilyes\AppData\Local\Temp\metals14042990951936659531\sbt-launch.jar -Dbloop.export-jar-classifiers=sources bloopInstall'
2023.12.15 16:19:00 ERROR [info] [launcher] getting org.scala-sbt sbt 1.9.7  (this may take some time)...
2023.12.15 16:19:01 INFO  no build target found for C:\Users\ilyes\Documents\S7\Prog Fonctionnelle Scala\Projet Scala\scala_streaming\src\main\scala\MainApp.scala. Using presentation compiler with project's scala-library version: 3.3.1
2023.12.15 16:19:11 ERROR [info] [launcher] getting Scala 2.12.18 (for sbt)...
2023.12.15 16:19:16 INFO  [info] welcome to sbt 1.9.7 (Oracle Corporation Java 19.0.2)
2023.12.15 16:19:18 INFO  [info] loading settings for project scala_streaming-build-build from metals.sbt ...
2023.12.15 16:19:18 INFO  [info] loading project definition from C:\Users\ilyes\Documents\S7\Prog Fonctionnelle Scala\Projet Scala\scala_streaming\project\project
2023.12.15 16:19:22 INFO  [info] loading settings for project scala_streaming-build from metals.sbt ...
2023.12.15 16:19:22 INFO  [info] loading project definition from C:\Users\ilyes\Documents\S7\Prog Fonctionnelle Scala\Projet Scala\scala_streaming\project
2023.12.15 16:19:32 INFO  [success] Generated .bloop\scala_streaming-build.json
2023.12.15 16:19:32 INFO  [success] Total time: 10 s, completed 15 déc. 2023, 16:19:32
2023.12.15 16:19:33 INFO  [info] loading settings for project root from build.sbt ...
2023.12.15 16:19:33 INFO  [info] set current project to scala_streaming (in build file:/C:/Users/ilyes/Documents/S7/Prog%20Fonctionnelle%20Scala/Projet%20Scala/scala_streaming/)
2023.12.15 16:19:41 INFO  [success] Generated .bloop\root.json
2023.12.15 16:19:41 INFO  [success] Generated .bloop\root-test.json
2023.12.15 16:19:41 INFO  [success] Total time: 8 s, completed 15 déc. 2023, 16:19:41
2023.12.15 16:19:41 INFO  time: ran 'sbt bloopInstall' in 41s
2023.12.15 16:19:41 INFO  Attempting to connect to the build server...
2023.12.15 16:19:41 INFO  Setting up current java home C:\Users\20200766\Documents\jdk-19.0.2\ in C:\Users\ilyes\.bloop\bloop.json
2023.12.15 16:19:57 INFO  tracing is disabled for protocol BSP, to enable tracing of incoming and outgoing JSON messages create an empty file at C:\Users\ilyes\Documents\S7\Prog Fonctionnelle Scala\Projet Scala\.metals\bsp.trace.json or C:\Users\ilyes\AppData\Local\scalameta\metals\cache\bsp.trace.json
2023.12.15 16:19:58 INFO  time: Connected to build server in 16s
2023.12.15 16:19:58 INFO  Connected to Build server: Bloop v1.5.13
2023.12.15 16:19:58 INFO  time: Imported build in 0.13s
2023.12.15 16:20:00 INFO  time: indexed workspace in 1.64s
2023.12.15 16:20:00 INFO  compiling root (1 scala source)
2023.12.15 16:20:05 INFO  compiling root-test (1 scala source)
2023.12.15 16:20:05 INFO  time: compiled root in 4.84s
2023.12.15 16:20:05 INFO  time: compiled root-test in 0.44s
déc. 15, 2023 4:26:07 PM org.eclipse.lsp4j.jsonrpc.RemoteEndpoint handleCancellation
WARNING: Unmatched cancel notification for request id 13
2023.12.15 16:26:51 INFO  time: code lens generation in 1.37s
déc. 15, 2023 4:27:03 PM org.eclipse.lsp4j.jsonrpc.services.GenericEndpoint notify
INFO: Unsupported notification method: $/setTrace
2024.01.06 16:52:12 INFO  Started: Metals version 1.2.0 in folders 'C:\Users\msofi\project-ing\spotify_stream_scala' for client Visual Studio Code 1.85.1.
2024.01.06 16:52:17 INFO  Attempting to connect to the build server...
2024.01.06 16:52:17 INFO  Bloop uses C:\Users\msofi\.jabba\jdk\adopt@1.11.0-11 defined at C:\Users\msofi\.bloop\bloop.json
2024.01.06 16:52:17 INFO  tracing is disabled for protocol BSP, to enable tracing of incoming and outgoing JSON messages create an empty file at C:\Users\msofi\project-ing\spotify_stream_scala\.metals\bsp.trace.json or C:\Users\msofi\AppData\Local\scalameta\metals\cache\bsp.trace.json
2024.01.06 16:52:18 WARN  Scala instance jar C:\Users\ilyes\AppData\Local\Coursier\Cache\v1\https\repo1.maven.org\maven2\org\scala-lang\scala3-library_3\3.3.1\scala3-library_3-3.3.1.jar doesn't exist!
2024.01.06 16:52:18 WARN  Scala instance jar C:\Users\ilyes\AppData\Local\Coursier\Cache\v1\https\repo1.maven.org\maven2\org\scala-lang\scala-library\2.13.10\scala-library-2.13.10.jar doesn't exist!
2024.01.06 16:52:18 WARN  Scala instance jar C:\Users\ilyes\AppData\Local\Coursier\Cache\v1\https\repo1.maven.org\maven2\org\scala-lang\scala3-compiler_3\3.3.1\scala3-compiler_3-3.3.1.jar doesn't exist!
2024.01.06 16:52:18 WARN  Scala instance jar C:\Users\ilyes\AppData\Local\Coursier\Cache\v1\https\repo1.maven.org\maven2\org\scala-lang\scala3-interfaces\3.3.1\scala3-interfaces-3.3.1.jar doesn't exist!
2024.01.06 16:52:18 WARN  Scala instance jar C:\Users\ilyes\AppData\Local\Coursier\Cache\v1\https\repo1.maven.org\maven2\org\scala-lang\tasty-core_3\3.3.1\tasty-core_3-3.3.1.jar doesn't exist!
2024.01.06 16:52:18 WARN  Scala instance jar C:\Users\ilyes\AppData\Local\Coursier\Cache\v1\https\repo1.maven.org\maven2\org\scala-lang\modules\scala-asm\9.5.0-scala-1\scala-asm-9.5.0-scala-1.jar doesn't exist!
2024.01.06 16:52:18 WARN  Scala instance jar C:\Users\ilyes\AppData\Local\Coursier\Cache\v1\https\repo1.maven.org\maven2\org\scala-sbt\compiler-interface\1.3.5\compiler-interface-1.3.5.jar doesn't exist!
2024.01.06 16:52:18 WARN  Scala instance jar C:\Users\ilyes\AppData\Local\Coursier\Cache\v1\https\repo1.maven.org\maven2\org\jline\jline-reader\3.19.0\jline-reader-3.19.0.jar doesn't exist!
2024.01.06 16:52:18 WARN  Scala instance jar C:\Users\ilyes\AppData\Local\Coursier\Cache\v1\https\repo1.maven.org\maven2\org\jline\jline-terminal\3.19.0\jline-terminal-3.19.0.jar doesn't exist!
2024.01.06 16:52:18 WARN  Scala instance jar C:\Users\ilyes\AppData\Local\Coursier\Cache\v1\https\repo1.maven.org\maven2\org\jline\jline-terminal-jna\3.19.0\jline-terminal-jna-3.19.0.jar doesn't exist!
2024.01.06 16:52:18 WARN  Scala instance jar C:\Users\ilyes\AppData\Local\Coursier\Cache\v1\https\repo1.maven.org\maven2\com\google\protobuf\protobuf-java\3.7.0\protobuf-java-3.7.0.jar doesn't exist!
2024.01.06 16:52:18 WARN  Scala instance jar C:\Users\ilyes\AppData\Local\Coursier\Cache\v1\https\repo1.maven.org\maven2\org\scala-sbt\util-interface\1.3.0\util-interface-1.3.0.jar doesn't exist!
2024.01.06 16:52:18 WARN  Scala instance jar C:\Users\ilyes\AppData\Local\Coursier\Cache\v1\https\repo1.maven.org\maven2\net\java\dev\jna\jna\5.3.1\jna-5.3.1.jar doesn't exist!
2024.01.06 16:52:18 WARN  Scala instance jar C:\Users\ilyes\AppData\Local\Coursier\Cache\v1\https\repo1.maven.org\maven2\org\scala-lang\scaladoc_3\3.3.1\scaladoc_3-3.3.1.jar doesn't exist!
2024.01.06 16:52:18 WARN  Scala instance jar C:\Users\ilyes\AppData\Local\Coursier\Cache\v1\https\repo1.maven.org\maven2\org\scala-lang\scala3-tasty-inspector_3\3.3.1\scala3-tasty-inspector_3-3.3.1.jar doesn't exist!
2024.01.06 16:52:18 WARN  Scala instance jar C:\Users\ilyes\AppData\Local\Coursier\Cache\v1\https\repo1.maven.org\maven2\com\vladsch\flexmark\flexmark\0.62.2\flexmark-0.62.2.jar doesn't exist!
2024.01.06 16:52:18 WARN  Scala instance jar C:\Users\ilyes\AppData\Local\Coursier\Cache\v1\https\repo1.maven.org\maven2\com\vladsch\flexmark\flexmark-util-ast\0.62.2\flexmark-util-ast-0.62.2.jar doesn't exist!
2024.01.06 16:52:18 WARN  Scala instance jar C:\Users\ilyes\AppData\Local\Coursier\Cache\v1\https\repo1.maven.org\maven2\com\vladsch\flexmark\flexmark-util-data\0.62.2\flexmark-util-data-0.62.2.jar doesn't exist!
2024.01.06 16:52:18 WARN  Scala instance jar C:\Users\ilyes\AppData\Local\Coursier\Cache\v1\https\repo1.maven.org\maven2\com\vladsch\flexmark\flexmark-util-html\0.62.2\flexmark-util-html-0.62.2.jar doesn't exist!
2024.01.06 16:52:18 WARN  Scala instance jar C:\Users\ilyes\AppData\Local\Coursier\Cache\v1\https\repo1.maven.org\maven2\com\vladsch\flexmark\flexmark-ext-anchorlink\0.62.2\flexmark-ext-anchorlink-0.62.2.jar doesn't exist!
2024.01.06 16:52:18 WARN  Scala instance jar C:\Users\ilyes\AppData\Local\Coursier\Cache\v1\https\repo1.maven.org\maven2\com\vladsch\flexmark\flexmark-ext-autolink\0.62.2\flexmark-ext-autolink-0.62.2.jar doesn't exist!
2024.01.06 16:52:18 WARN  Scala instance jar C:\Users\ilyes\AppData\Local\Coursier\Cache\v1\https\repo1.maven.org\maven2\com\vladsch\flexmark\flexmark-ext-emoji\0.62.2\flexmark-ext-emoji-0.62.2.jar doesn't exist!
2024.01.06 16:52:18 WARN  Scala instance jar C:\Users\ilyes\AppData\Local\Coursier\Cache\v1\https\repo1.maven.org\maven2\com\vladsch\flexmark\flexmark-ext-gfm-strikethrough\0.62.2\flexmark-ext-gfm-strikethrough-0.62.2.jar doesn't exist!
2024.01.06 16:52:18 WARN  Scala instance jar C:\Users\ilyes\AppData\Local\Coursier\Cache\v1\https\repo1.maven.org\maven2\com\vladsch\flexmark\flexmark-ext-gfm-tasklist\0.62.2\flexmark-ext-gfm-tasklist-0.62.2.jar doesn't exist!
2024.01.06 16:52:18 WARN  Scala instance jar C:\Users\ilyes\AppData\Local\Coursier\Cache\v1\https\repo1.maven.org\maven2\com\vladsch\flexmark\flexmark-ext-wikilink\0.62.2\flexmark-ext-wikilink-0.62.2.jar doesn't exist!
2024.01.06 16:52:18 WARN  Scala instance jar C:\Users\ilyes\AppData\Local\Coursier\Cache\v1\https\repo1.maven.org\maven2\com\vladsch\flexmark\flexmark-ext-tables\0.62.2\flexmark-ext-tables-0.62.2.jar doesn't exist!
2024.01.06 16:52:18 WARN  Scala instance jar C:\Users\ilyes\AppData\Local\Coursier\Cache\v1\https\repo1.maven.org\maven2\com\vladsch\flexmark\flexmark-ext-yaml-front-matter\0.62.2\flexmark-ext-yaml-front-matter-0.62.2.jar doesn't exist!
2024.01.06 16:52:18 WARN  Scala instance jar C:\Users\ilyes\AppData\Local\Coursier\Cache\v1\https\repo1.maven.org\maven2\nl\big-o\liqp\0.8.2\liqp-0.8.2.jar doesn't exist!
2024.01.06 16:52:18 WARN  Scala instance jar C:\Users\ilyes\AppData\Local\Coursier\Cache\v1\https\repo1.maven.org\maven2\org\jsoup\jsoup\1.14.3\jsoup-1.14.3.jar doesn't exist!
2024.01.06 16:52:18 WARN  Scala instance jar C:\Users\ilyes\AppData\Local\Coursier\Cache\v1\https\repo1.maven.org\maven2\com\fasterxml\jackson\dataformat\jackson-dataformat-yaml\2.15.1\jackson-dataformat-yaml-2.15.1.jar doesn't exist!
2024.01.06 16:52:18 WARN  Scala instance jar C:\Users\ilyes\AppData\Local\Coursier\Cache\v1\https\repo1.maven.org\maven2\com\vladsch\flexmark\flexmark-util-builder\0.62.2\flexmark-util-builder-0.62.2.jar doesn't exist!
2024.01.06 16:52:18 WARN  Scala instance jar C:\Users\ilyes\AppData\Local\Coursier\Cache\v1\https\repo1.maven.org\maven2\com\vladsch\flexmark\flexmark-util-collection\0.62.2\flexmark-util-collection-0.62.2.jar doesn't exist!
2024.01.06 16:52:18 WARN  Scala instance jar C:\Users\ilyes\AppData\Local\Coursier\Cache\v1\https\repo1.maven.org\maven2\com\vladsch\flexmark\flexmark-util-dependency\0.62.2\flexmark-util-dependency-0.62.2.jar doesn't exist!
2024.01.06 16:52:18 WARN  Scala instance jar C:\Users\ilyes\AppData\Local\Coursier\Cache\v1\https\repo1.maven.org\maven2\com\vladsch\flexmark\flexmark-util-format\0.62.2\flexmark-util-format-0.62.2.jar doesn't exist!
2024.01.06 16:52:18 WARN  Scala instance jar C:\Users\ilyes\AppData\Local\Coursier\Cache\v1\https\repo1.maven.org\maven2\com\vladsch\flexmark\flexmark-util-misc\0.62.2\flexmark-util-misc-0.62.2.jar doesn't exist!
2024.01.06 16:52:18 WARN  Scala instance jar C:\Users\ilyes\AppData\Local\Coursier\Cache\v1\https\repo1.maven.org\maven2\com\vladsch\flexmark\flexmark-util-sequence\0.62.2\flexmark-util-sequence-0.62.2.jar doesn't exist!
2024.01.06 16:52:18 WARN  Scala instance jar C:\Users\ilyes\AppData\Local\Coursier\Cache\v1\https\repo1.maven.org\maven2\com\vladsch\flexmark\flexmark-util-visitor\0.62.2\flexmark-util-visitor-0.62.2.jar doesn't exist!
2024.01.06 16:52:18 WARN  Scala instance jar C:\Users\ilyes\AppData\Local\Coursier\Cache\v1\https\repo1.maven.org\maven2\org\jetbrains\annotations\15.0\annotations-15.0.jar doesn't exist!
2024.01.06 16:52:18 WARN  Scala instance jar C:\Users\ilyes\AppData\Local\Coursier\Cache\v1\https\repo1.maven.org\maven2\com\vladsch\flexmark\flexmark-util\0.62.2\flexmark-util-0.62.2.jar doesn't exist!
2024.01.06 16:52:18 WARN  Scala instance jar C:\Users\ilyes\AppData\Local\Coursier\Cache\v1\https\repo1.maven.org\maven2\org\nibor\autolink\autolink\0.6.0\autolink-0.6.0.jar doesn't exist!
2024.01.06 16:52:18 WARN  Scala instance jar C:\Users\ilyes\AppData\Local\Coursier\Cache\v1\https\repo1.maven.org\maven2\com\vladsch\flexmark\flexmark-jira-converter\0.62.2\flexmark-jira-converter-0.62.2.jar doesn't exist!
2024.01.06 16:52:18 WARN  Scala instance jar C:\Users\ilyes\AppData\Local\Coursier\Cache\v1\https\repo1.maven.org\maven2\org\antlr\antlr4-runtime\4.7.2\antlr4-runtime-4.7.2.jar doesn't exist!
2024.01.06 16:52:18 WARN  Scala instance jar C:\Users\ilyes\AppData\Local\Coursier\Cache\v1\https\repo1.maven.org\maven2\com\fasterxml\jackson\core\jackson-annotations\2.15.1\jackson-annotations-2.15.1.jar doesn't exist!
2024.01.06 16:52:18 WARN  Scala instance jar C:\Users\ilyes\AppData\Local\Coursier\Cache\v1\https\repo1.maven.org\maven2\com\fasterxml\jackson\core\jackson-core\2.15.1\jackson-core-2.15.1.jar doesn't exist!
2024.01.06 16:52:18 WARN  Scala instance jar C:\Users\ilyes\AppData\Local\Coursier\Cache\v1\https\repo1.maven.org\maven2\com\fasterxml\jackson\core\jackson-databind\2.15.1\jackson-databind-2.15.1.jar doesn't exist!
2024.01.06 16:52:18 WARN  Scala instance jar C:\Users\ilyes\AppData\Local\Coursier\Cache\v1\https\repo1.maven.org\maven2\com\fasterxml\jackson\datatype\jackson-datatype-jsr310\2.12.1\jackson-datatype-jsr310-2.12.1.jar doesn't exist!
2024.01.06 16:52:18 WARN  Scala instance jar C:\Users\ilyes\AppData\Local\Coursier\Cache\v1\https\repo1.maven.org\maven2\ua\co\k\strftime4j\1.0.5\strftime4j-1.0.5.jar doesn't exist!
2024.01.06 16:52:18 WARN  Scala instance jar C:\Users\ilyes\AppData\Local\Coursier\Cache\v1\https\repo1.maven.org\maven2\org\yaml\snakeyaml\2.0\snakeyaml-2.0.jar doesn't exist!
2024.01.06 16:52:18 WARN  Scala instance jar C:\Users\ilyes\AppData\Local\Coursier\Cache\v1\https\repo1.maven.org\maven2\com\vladsch\flexmark\flexmark-util-options\0.62.2\flexmark-util-options-0.62.2.jar doesn't exist!
2024.01.06 16:52:18 WARN  Scala instance jar C:\Users\ilyes\AppData\Local\Coursier\Cache\v1\https\repo1.maven.org\maven2\com\vladsch\flexmark\flexmark-ext-ins\0.62.2\flexmark-ext-ins-0.62.2.jar doesn't exist!
2024.01.06 16:52:18 WARN  Scala instance jar C:\Users\ilyes\AppData\Local\Coursier\Cache\v1\https\repo1.maven.org\maven2\com\vladsch\flexmark\flexmark-ext-superscript\0.62.2\flexmark-ext-superscript-0.62.2.jar doesn't exist!
2024.01.06 16:52:18 WARN  Scala instance jar C:\Users\ilyes\AppData\Local\Coursier\Cache\v1\https\repo1.maven.org\maven2\org\scala-lang\scala3-library_3\3.3.1\scala3-library_3-3.3.1.jar doesn't exist!
2024.01.06 16:52:18 WARN  Scala instance jar C:\Users\ilyes\AppData\Local\Coursier\Cache\v1\https\repo1.maven.org\maven2\org\scala-lang\scala-library\2.13.10\scala-library-2.13.10.jar doesn't exist!
2024.01.06 16:52:18 WARN  Scala instance jar C:\Users\ilyes\AppData\Local\Coursier\Cache\v1\https\repo1.maven.org\maven2\org\scala-lang\scala3-compiler_3\3.3.1\scala3-compiler_3-3.3.1.jar doesn't exist!
2024.01.06 16:52:18 WARN  Scala instance jar C:\Users\ilyes\AppData\Local\Coursier\Cache\v1\https\repo1.maven.org\maven2\org\scala-lang\scala3-interfaces\3.3.1\scala3-interfaces-3.3.1.jar doesn't exist!
2024.01.06 16:52:18 WARN  Scala instance jar C:\Users\ilyes\AppData\Local\Coursier\Cache\v1\https\repo1.maven.org\maven2\org\scala-lang\tasty-core_3\3.3.1\tasty-core_3-3.3.1.jar doesn't exist!
2024.01.06 16:52:17 ERROR Failed to connect with build server, no functionality will work.
java.util.concurrent.ExecutionException: org.eclipse.lsp4j.jsonrpc.MessageIssueException: Message could not be parsed.
	at java.util.concurrent.CompletableFuture.reportGet(CompletableFuture.java:395)
	at java.util.concurrent.CompletableFuture.get(CompletableFuture.java:2022)
	at scala.meta.internal.metals.BuildServerConnection$.initialize(BuildServerConnection.scala:638)
	at scala.meta.internal.metals.BuildServerConnection$.$anonfun$fromSockets$1(BuildServerConnection.scala:533)
	at scala.concurrent.impl.Promise$Transformation.run(Promise.scala:467)
	at java.util.concurrent.ThreadPoolExecutor.runWorker(ThreadPoolExecutor.java:1128)
	at java.util.concurrent.ThreadPoolExecutor$Worker.run(ThreadPoolExecutor.java:628)
	at java.lang.Thread.run(Thread.java:829)
Caused by: org.eclipse.lsp4j.jsonrpc.MessageIssueException: Message could not be parsed.
	at org.eclipse.lsp4j.jsonrpc.RemoteEndpoint.handleResponseIssues(RemoteEndpoint.java:358)
	at org.eclipse.lsp4j.jsonrpc.RemoteEndpoint.handle(RemoteEndpoint.java:317)
	at org.eclipse.lsp4j.jsonrpc.json.StreamMessageProducer.handleMessage(StreamMessageProducer.java:198)
	at org.eclipse.lsp4j.jsonrpc.json.StreamMessageProducer.listen(StreamMessageProducer.java:94)
	at org.eclipse.lsp4j.jsonrpc.json.ConcurrentMessageProcessor.run(ConcurrentMessageProcessor.java:113)
	at java.util.concurrent.Executors$RunnableAdapter.call(Executors.java:515)
	at java.util.concurrent.FutureTask.run(FutureTask.java:264)
	at java.util.concurrent.ThreadPoolExecutor.runWorker(ThreadPoolExecutor.java:1128)
	at java.util.concurrent.ThreadPoolExecutor$Worker.run(ThreadPoolExecutor.java:628)
	at java.lang.Thread.run(Thread.java:829)

2024.01.06 16:52:18 WARN  Scala instance jar C:\Users\ilyes\AppData\Local\Coursier\Cache\v1\https\repo1.maven.org\maven2\org\scala-lang\modules\scala-asm\9.5.0-scala-1\scala-asm-9.5.0-scala-1.jar doesn't exist!
2024.01.06 16:52:18 WARN  Scala instance jar C:\Users\ilyes\AppData\Local\Coursier\Cache\v1\https\repo1.maven.org\maven2\org\scala-sbt\compiler-interface\1.3.5\compiler-interface-1.3.5.jar doesn't exist!
2024.01.06 16:52:18 WARN  Scala instance jar C:\Users\ilyes\AppData\Local\Coursier\Cache\v1\https\repo1.maven.org\maven2\org\jline\jline-reader\3.19.0\jline-reader-3.19.0.jar doesn't exist!
2024.01.06 16:52:18 WARN  Scala instance jar C:\Users\ilyes\AppData\Local\Coursier\Cache\v1\https\repo1.maven.org\maven2\org\jline\jline-terminal\3.19.0\jline-terminal-3.19.0.jar doesn't exist!
2024.01.06 16:52:18 WARN  Scala instance jar C:\Users\ilyes\AppData\Local\Coursier\Cache\v1\https\repo1.maven.org\maven2\org\jline\jline-terminal-jna\3.19.0\jline-terminal-jna-3.19.0.jar doesn't exist!
2024.01.06 16:52:18 WARN  Scala instance jar C:\Users\ilyes\AppData\Local\Coursier\Cache\v1\https\repo1.maven.org\maven2\com\google\protobuf\protobuf-java\3.7.0\protobuf-java-3.7.0.jar doesn't exist!
2024.01.06 16:52:18 WARN  Scala instance jar C:\Users\ilyes\AppData\Local\Coursier\Cache\v1\https\repo1.maven.org\maven2\org\scala-sbt\util-interface\1.3.0\util-interface-1.3.0.jar doesn't exist!
2024.01.06 16:52:18 WARN  Scala instance jar C:\Users\ilyes\AppData\Local\Coursier\Cache\v1\https\repo1.maven.org\maven2\net\java\dev\jna\jna\5.3.1\jna-5.3.1.jar doesn't exist!
2024.01.06 16:52:18 WARN  Scala instance jar C:\Users\ilyes\AppData\Local\Coursier\Cache\v1\https\repo1.maven.org\maven2\org\scala-lang\scaladoc_3\3.3.1\scaladoc_3-3.3.1.jar doesn't exist!
2024.01.06 16:52:18 WARN  Scala instance jar C:\Users\ilyes\AppData\Local\Coursier\Cache\v1\https\repo1.maven.org\maven2\org\scala-lang\scala3-tasty-inspector_3\3.3.1\scala3-tasty-inspector_3-3.3.1.jar doesn't exist!
2024.01.06 16:52:18 WARN  Scala instance jar C:\Users\ilyes\AppData\Local\Coursier\Cache\v1\https\repo1.maven.org\maven2\com\vladsch\flexmark\flexmark\0.62.2\flexmark-0.62.2.jar doesn't exist!
2024.01.06 16:52:18 WARN  Scala instance jar C:\Users\ilyes\AppData\Local\Coursier\Cache\v1\https\repo1.maven.org\maven2\com\vladsch\flexmark\flexmark-util-ast\0.62.2\flexmark-util-ast-0.62.2.jar doesn't exist!
2024.01.06 16:52:18 WARN  Scala instance jar C:\Users\ilyes\AppData\Local\Coursier\Cache\v1\https\repo1.maven.org\maven2\com\vladsch\flexmark\flexmark-util-data\0.62.2\flexmark-util-data-0.62.2.jar doesn't exist!
2024.01.06 16:52:18 WARN  Scala instance jar C:\Users\ilyes\AppData\Local\Coursier\Cache\v1\https\repo1.maven.org\maven2\com\vladsch\flexmark\flexmark-util-html\0.62.2\flexmark-util-html-0.62.2.jar doesn't exist!
2024.01.06 16:52:18 WARN  Scala instance jar C:\Users\ilyes\AppData\Local\Coursier\Cache\v1\https\repo1.maven.org\maven2\com\vladsch\flexmark\flexmark-ext-anchorlink\0.62.2\flexmark-ext-anchorlink-0.62.2.jar doesn't exist!
2024.01.06 16:52:18 WARN  Scala instance jar C:\Users\ilyes\AppData\Local\Coursier\Cache\v1\https\repo1.maven.org\maven2\com\vladsch\flexmark\flexmark-ext-autolink\0.62.2\flexmark-ext-autolink-0.62.2.jar doesn't exist!
2024.01.06 16:52:18 WARN  Scala instance jar C:\Users\ilyes\AppData\Local\Coursier\Cache\v1\https\repo1.maven.org\maven2\com\vladsch\flexmark\flexmark-ext-emoji\0.62.2\flexmark-ext-emoji-0.62.2.jar doesn't exist!
2024.01.06 16:52:18 WARN  Scala instance jar C:\Users\ilyes\AppData\Local\Coursier\Cache\v1\https\repo1.maven.org\maven2\com\vladsch\flexmark\flexmark-ext-gfm-strikethrough\0.62.2\flexmark-ext-gfm-strikethrough-0.62.2.jar doesn't exist!
2024.01.06 16:52:18 WARN  Scala instance jar C:\Users\ilyes\AppData\Local\Coursier\Cache\v1\https\repo1.maven.org\maven2\com\vladsch\flexmark\flexmark-ext-gfm-tasklist\0.62.2\flexmark-ext-gfm-tasklist-0.62.2.jar doesn't exist!
2024.01.06 16:52:18 WARN  Scala instance jar C:\Users\ilyes\AppData\Local\Coursier\Cache\v1\https\repo1.maven.org\maven2\com\vladsch\flexmark\flexmark-ext-wikilink\0.62.2\flexmark-ext-wikilink-0.62.2.jar doesn't exist!
2024.01.06 16:52:18 WARN  Scala instance jar C:\Users\ilyes\AppData\Local\Coursier\Cache\v1\https\repo1.maven.org\maven2\com\vladsch\flexmark\flexmark-ext-tables\0.62.2\flexmark-ext-tables-0.62.2.jar doesn't exist!
2024.01.06 16:52:18 WARN  Scala instance jar C:\Users\ilyes\AppData\Local\Coursier\Cache\v1\https\repo1.maven.org\maven2\com\vladsch\flexmark\flexmark-ext-yaml-front-matter\0.62.2\flexmark-ext-yaml-front-matter-0.62.2.jar doesn't exist!
2024.01.06 16:52:18 WARN  Scala instance jar C:\Users\ilyes\AppData\Local\Coursier\Cache\v1\https\repo1.maven.org\maven2\nl\big-o\liqp\0.8.2\liqp-0.8.2.jar doesn't exist!
2024.01.06 16:52:18 WARN  Scala instance jar C:\Users\ilyes\AppData\Local\Coursier\Cache\v1\https\repo1.maven.org\maven2\org\jsoup\jsoup\1.14.3\jsoup-1.14.3.jar doesn't exist!
2024.01.06 16:52:18 WARN  Scala instance jar C:\Users\ilyes\AppData\Local\Coursier\Cache\v1\https\repo1.maven.org\maven2\com\fasterxml\jackson\dataformat\jackson-dataformat-yaml\2.15.1\jackson-dataformat-yaml-2.15.1.jar doesn't exist!
2024.01.06 16:52:18 WARN  Scala instance jar C:\Users\ilyes\AppData\Local\Coursier\Cache\v1\https\repo1.maven.org\maven2\com\vladsch\flexmark\flexmark-util-builder\0.62.2\flexmark-util-builder-0.62.2.jar doesn't exist!
2024.01.06 16:52:17 WARN  no build target for: C:\Users\msofi\project-ing\spotify_stream_scala\scala_streaming\src\main\scala\MainApp.scala
2024.01.06 16:52:18 WARN  Scala instance jar C:\Users\ilyes\AppData\Local\Coursier\Cache\v1\https\repo1.maven.org\maven2\com\vladsch\flexmark\flexmark-util-collection\0.62.2\flexmark-util-collection-0.62.2.jar doesn't exist!
janv. 06, 2024 4:52:18 PM org.eclipse.lsp4j.jsonrpc.RemoteEndpoint handleCancellation
AVERTISSEMENT: Unmatched cancel notification for request id 1
2024.01.06 16:52:18 WARN  Scala instance jar C:\Users\ilyes\AppData\Local\Coursier\Cache\v1\https\repo1.maven.org\maven2\com\vladsch\flexmark\flexmark-util-dependency\0.62.2\flexmark-util-dependency-0.62.2.jar doesn't exist!
janv. 06, 2024 4:52:18 PM org.eclipse.lsp4j.jsonrpc.RemoteEndpoint handleCancellation
AVERTISSEMENT: Unmatched cancel notification for request id 2
2024.01.06 16:52:18 WARN  Scala instance jar C:\Users\ilyes\AppData\Local\Coursier\Cache\v1\https\repo1.maven.org\maven2\com\vladsch\flexmark\flexmark-util-format\0.62.2\flexmark-util-format-0.62.2.jar doesn't exist!
2024.01.06 16:52:18 WARN  Scala instance jar C:\Users\ilyes\AppData\Local\Coursier\Cache\v1\https\repo1.maven.org\maven2\com\vladsch\flexmark\flexmark-util-misc\0.62.2\flexmark-util-misc-0.62.2.jar doesn't exist!
2024.01.06 16:52:18 WARN  Scala instance jar C:\Users\ilyes\AppData\Local\Coursier\Cache\v1\https\repo1.maven.org\maven2\com\vladsch\flexmark\flexmark-util-sequence\0.62.2\flexmark-util-sequence-0.62.2.jar doesn't exist!
2024.01.06 16:52:18 WARN  Scala instance jar C:\Users\ilyes\AppData\Local\Coursier\Cache\v1\https\repo1.maven.org\maven2\com\vladsch\flexmark\flexmark-util-visitor\0.62.2\flexmark-util-visitor-0.62.2.jar doesn't exist!
2024.01.06 16:52:18 WARN  Scala instance jar C:\Users\ilyes\AppData\Local\Coursier\Cache\v1\https\repo1.maven.org\maven2\org\jetbrains\annotations\15.0\annotations-15.0.jar doesn't exist!
2024.01.06 16:52:18 WARN  Scala instance jar C:\Users\ilyes\AppData\Local\Coursier\Cache\v1\https\repo1.maven.org\maven2\com\vladsch\flexmark\flexmark-util\0.62.2\flexmark-util-0.62.2.jar doesn't exist!
2024.01.06 16:52:18 WARN  Scala instance jar C:\Users\ilyes\AppData\Local\Coursier\Cache\v1\https\repo1.maven.org\maven2\org\nibor\autolink\autolink\0.6.0\autolink-0.6.0.jar doesn't exist!
2024.01.06 16:52:18 WARN  Scala instance jar C:\Users\ilyes\AppData\Local\Coursier\Cache\v1\https\repo1.maven.org\maven2\com\vladsch\flexmark\flexmark-jira-converter\0.62.2\flexmark-jira-converter-0.62.2.jar doesn't exist!
2024.01.06 16:52:18 WARN  Scala instance jar C:\Users\ilyes\AppData\Local\Coursier\Cache\v1\https\repo1.maven.org\maven2\org\antlr\antlr4-runtime\4.7.2\antlr4-runtime-4.7.2.jar doesn't exist!
2024.01.06 16:52:18 WARN  Scala instance jar C:\Users\ilyes\AppData\Local\Coursier\Cache\v1\https\repo1.maven.org\maven2\com\fasterxml\jackson\core\jackson-annotations\2.15.1\jackson-annotations-2.15.1.jar doesn't exist!
2024.01.06 16:52:18 WARN  Scala instance jar C:\Users\ilyes\AppData\Local\Coursier\Cache\v1\https\repo1.maven.org\maven2\com\fasterxml\jackson\core\jackson-core\2.15.1\jackson-core-2.15.1.jar doesn't exist!
2024.01.06 16:52:18 WARN  Scala instance jar C:\Users\ilyes\AppData\Local\Coursier\Cache\v1\https\repo1.maven.org\maven2\com\fasterxml\jackson\core\jackson-databind\2.15.1\jackson-databind-2.15.1.jar doesn't exist!
2024.01.06 16:52:18 WARN  Scala instance jar C:\Users\ilyes\AppData\Local\Coursier\Cache\v1\https\repo1.maven.org\maven2\com\fasterxml\jackson\datatype\jackson-datatype-jsr310\2.12.1\jackson-datatype-jsr310-2.12.1.jar doesn't exist!
2024.01.06 16:52:18 WARN  Scala instance jar C:\Users\ilyes\AppData\Local\Coursier\Cache\v1\https\repo1.maven.org\maven2\ua\co\k\strftime4j\1.0.5\strftime4j-1.0.5.jar doesn't exist!
2024.01.06 16:52:18 WARN  Scala instance jar C:\Users\ilyes\AppData\Local\Coursier\Cache\v1\https\repo1.maven.org\maven2\org\yaml\snakeyaml\2.0\snakeyaml-2.0.jar doesn't exist!
2024.01.06 16:52:18 WARN  Scala instance jar C:\Users\ilyes\AppData\Local\Coursier\Cache\v1\https\repo1.maven.org\maven2\com\vladsch\flexmark\flexmark-util-options\0.62.2\flexmark-util-options-0.62.2.jar doesn't exist!
2024.01.06 16:52:18 WARN  Scala instance jar C:\Users\ilyes\AppData\Local\Coursier\Cache\v1\https\repo1.maven.org\maven2\com\vladsch\flexmark\flexmark-ext-ins\0.62.2\flexmark-ext-ins-0.62.2.jar doesn't exist!
2024.01.06 16:52:18 WARN  Scala instance jar C:\Users\ilyes\AppData\Local\Coursier\Cache\v1\https\repo1.maven.org\maven2\com\vladsch\flexmark\flexmark-ext-superscript\0.62.2\flexmark-ext-superscript-0.62.2.jar doesn't exist!
2024.01.06 16:52:23 INFO  no build target found for C:\Users\msofi\project-ing\spotify_stream_scala\scala_streaming\src\main\scala\MainApp.scala. Using presentation compiler with project's scala-library version: 3.3.1
2024.01.06 16:52:25 WARN  no build target for: C:\Users\msofi\project-ing\spotify_stream_scala\scala_streaming\build.sbt
janv. 06, 2024 4:52:25 PM org.eclipse.lsp4j.jsonrpc.RemoteEndpoint handleCancellation
AVERTISSEMENT: Unmatched cancel notification for request id 3
janv. 06, 2024 4:52:25 PM org.eclipse.lsp4j.jsonrpc.RemoteEndpoint handleCancellation
AVERTISSEMENT: Unmatched cancel notification for request id 4
janv. 06, 2024 4:52:25 PM org.eclipse.lsp4j.jsonrpc.RemoteEndpoint handleCancellation
AVERTISSEMENT: Unmatched cancel notification for request id 8
janv. 06, 2024 4:52:25 PM org.eclipse.lsp4j.jsonrpc.RemoteEndpoint handleCancellation
AVERTISSEMENT: Unmatched cancel notification for request id 10
2024.01.06 16:52:25 INFO  running 'C:\Users\msofi\.jabba\jdk\adopt@1.11.0-11\bin\java.exe -Djline.terminal=jline.UnsupportedTerminal -Dsbt.log.noformat=true -Dfile.encoding=UTF-8 -jar C:\Users\msofi\AppData\Local\Temp\metals11401211645676457476\sbt-launch.jar -Dbloop.export-jar-classifiers=sources bloopInstall'
2024.01.06 16:52:28 INFO  [info] welcome to sbt 1.9.7 (AdoptOpenJDK Java 11.0.11)
2024.01.06 16:52:31 INFO  [info] loading settings for project scala_streaming-build-build from metals.sbt ...
2024.01.06 16:52:33 INFO  [info] loading project definition from C:\Users\msofi\project-ing\spotify_stream_scala\scala_streaming\project\project
2024.01.06 16:52:36 INFO  [info] loading settings for project scala_streaming-build from metals.sbt ...
2024.01.06 16:52:36 INFO  [info] loading project definition from C:\Users\msofi\project-ing\spotify_stream_scala\scala_streaming\project
2024.01.06 16:52:41 INFO  [success] Generated .bloop\scala_streaming-build.json
2024.01.06 16:52:41 INFO  [success] Total time: 5 s, completed 6 janv. 2024 à 16:52:41
2024.01.06 16:52:43 INFO  [info] loading settings for project root from build.sbt ...
2024.01.06 16:52:43 INFO  [info] set current project to scala_streaming (in build file:/C:/Users/msofi/project-ing/spotify_stream_scala/scala_streaming/)
2024.01.06 16:52:45 INFO  [success] Generated .bloop\root-test.json
2024.01.06 16:52:45 INFO  [success] Generated .bloop\root.json
2024.01.06 16:52:45 INFO  [success] Total time: 1 s, completed 6 janv. 2024 à 16:52:45
2024.01.06 16:52:45 INFO  time: ran 'sbt bloopInstall' in 19s
2024.01.06 16:52:45 INFO  Attempting to connect to the build server...
2024.01.06 16:52:45 INFO  Bloop uses C:\Users\msofi\.jabba\jdk\adopt@1.11.0-11 defined at C:\Users\msofi\.bloop\bloop.json
2024.01.06 16:52:45 INFO  tracing is disabled for protocol BSP, to enable tracing of incoming and outgoing JSON messages create an empty file at C:\Users\msofi\project-ing\spotify_stream_scala\.metals\bsp.trace.json or C:\Users\msofi\AppData\Local\scalameta\metals\cache\bsp.trace.json
2024.01.06 16:52:45 INFO  time: Connected to build server in 96ms
2024.01.06 16:52:45 INFO  Connected to Build server: Bloop v1.5.13
2024.01.06 16:52:49 INFO  time: indexed workspace in 3.59s
2024.01.06 16:52:49 WARN  no build target for: C:\Users\msofi\project-ing\spotify_stream_scala\scala_streaming\build.sbt
2024.01.06 16:52:51 INFO  compiling root (1 scala source)
2024.01.06 16:52:51 INFO  time: code lens generation in 2.26s
2024.01.06 16:52:52 WARN  no build target for: C:\Users\msofi\project-ing\spotify_stream_scala\scala_streaming\build.sbt
2024.01.06 16:52:55 INFO  time: compiled root in 4.21s
janv. 06, 2024 4:54:17 PM org.eclipse.lsp4j.jsonrpc.services.GenericEndpoint notify
INFOS: Unsupported notification method: $/setTrace
2024.01.06 16:55:54 WARN  Could not find semantic tokens for: file:///C:/Users/msofi/project-ing/spotify_stream_scala/scala_streaming/src/main/scala/MainApp.scala
2024.01.06 16:55:55 WARN  Could not find semantic tokens for: file:///C:/Users/msofi/project-ing/spotify_stream_scala/scala_streaming/src/main/scala/MainApp.scala
janv. 06, 2024 4:55:58 PM org.eclipse.lsp4j.jsonrpc.RemoteEndpoint handleCancellation
AVERTISSEMENT: Unmatched cancel notification for request id 91
2024.01.06 16:55:58 INFO  compiling root (1 scala source)
2024.01.06 16:56:00 INFO  time: compiled root in 1.14s
2024.01.06 16:56:00 INFO  compiling root (1 scala source)
2024.01.06 16:56:01 INFO  time: compiled root in 1.18s
2024.01.06 16:56:30 WARN  no build target for: C:\Users\msofi\project-ing\spotify_stream_scala\scala_streaming\build.sbt
2024.01.06 16:56:37 WARN  Could not find semantic tokens for: file:///C:/Users/msofi/project-ing/spotify_stream_scala/scala_streaming/build.sbt
2024.01.06 16:56:44 WARN  no build target for: C:\Users\msofi\project-ing\spotify_stream_scala\scala_streaming\build.sbt
2024.01.06 16:56:47 INFO  running 'C:\Users\msofi\.jabba\jdk\adopt@1.11.0-11\bin\java.exe -Djline.terminal=jline.UnsupportedTerminal -Dsbt.log.noformat=true -Dfile.encoding=UTF-8 -jar C:\Users\msofi\AppData\Local\Temp\metals15745607497797645809\sbt-launch.jar -Dbloop.export-jar-classifiers=sources bloopInstall'
2024.01.06 16:56:49 INFO  [info] welcome to sbt 1.9.7 (AdoptOpenJDK Java 11.0.11)
2024.01.06 16:56:51 INFO  [info] loading settings for project scala_streaming-build-build from metals.sbt ...
2024.01.06 16:56:52 INFO  [info] loading project definition from C:\Users\msofi\project-ing\spotify_stream_scala\scala_streaming\project\project
2024.01.06 16:56:53 INFO  [info] loading settings for project scala_streaming-build from metals.sbt ...
2024.01.06 16:56:53 INFO  [info] loading project definition from C:\Users\msofi\project-ing\spotify_stream_scala\scala_streaming\project
2024.01.06 16:56:57 INFO  [success] Generated .bloop\scala_streaming-build.json
2024.01.06 16:56:57 INFO  [success] Total time: 4 s, completed 6 janv. 2024 à 16:56:57
2024.01.06 16:57:00 INFO  [info] loading settings for project root from build.sbt ...
2024.01.06 16:57:00 INFO  [info] set current project to ZIO_Streams_Spotify (in build file:/C:/Users/msofi/project-ing/spotify_stream_scala/scala_streaming/)
2024.01.06 16:57:02 INFO  [success] Generated .bloop\root.json
2024.01.06 16:57:02 INFO  [success] Generated .bloop\root-test.json
2024.01.06 16:57:02 INFO  [success] Total time: 2 s, completed 6 janv. 2024 à 16:57:02
2024.01.06 16:57:03 INFO  time: ran 'sbt bloopInstall' in 15s
2024.01.06 16:57:03 INFO  Disconnecting from Bloop session...
2024.01.06 16:57:03 INFO  Shut down connection with build server.
2024.01.06 16:57:03 INFO  Attempting to connect to the build server...
2024.01.06 16:57:03 INFO  Bloop uses C:\Users\msofi\.jabba\jdk\adopt@1.11.0-11 defined at C:\Users\msofi\.bloop\bloop.json
2024.01.06 16:57:03 INFO  tracing is disabled for protocol BSP, to enable tracing of incoming and outgoing JSON messages create an empty file at C:\Users\msofi\project-ing\spotify_stream_scala\.metals\bsp.trace.json or C:\Users\msofi\AppData\Local\scalameta\metals\cache\bsp.trace.json
2024.01.06 16:57:03 INFO  time: Connected to build server in 74ms
2024.01.06 16:57:03 INFO  Connected to Build server: Bloop v1.5.13
2024.01.06 16:57:05 INFO  time: indexed workspace in 1.93s
2024.01.06 16:57:05 WARN  no build target for: C:\Users\msofi\project-ing\spotify_stream_scala\scala_streaming\build.sbt
2024.01.06 16:57:05 INFO  compiling root (1 scala source)
2024.01.06 16:57:08 INFO  time: compiled root in 2.88s
2024.01.06 16:57:08 INFO  time: code lens generation in 2.81s
janv. 06, 2024 4:57:18 PM org.eclipse.lsp4j.jsonrpc.RemoteEndpoint handleCancellation
AVERTISSEMENT: Unmatched cancel notification for request id 139
2024.01.06 16:57:44 INFO  compiling root (2 scala sources)
janv. 06, 2024 4:57:44 PM org.eclipse.lsp4j.jsonrpc.RemoteEndpoint handleCancellation
AVERTISSEMENT: Unmatched cancel notification for request id 205
2024.01.06 16:57:44 INFO  time: compiled root in 0.89s
2024.01.06 16:57:44 INFO  compiling root (2 scala sources)
2024.01.06 16:57:46 INFO  time: compiled root in 0.8s
2024.01.06 16:57:53 INFO  compiling root (2 scala sources)
2024.01.06 16:57:53 INFO  time: compiled root in 0.78s
Exception in thread "pool-8-thread-1" java.lang.InterruptedException
	at scala.meta.internal.metals.FutureCancelToken.checkCanceled(FutureCancelToken.scala:29)
	at scala.meta.internal.pc.CompilerAccess.onCompilerJobQueue$$anonfun$1(CompilerAccess.scala:230)
	at scala.meta.internal.pc.CompilerJobQueue$Job.run(CompilerJobQueue.scala:152)
	at java.base/java.util.concurrent.ThreadPoolExecutor.runWorker(ThreadPoolExecutor.java:1128)
	at java.base/java.util.concurrent.ThreadPoolExecutor$Worker.run(ThreadPoolExecutor.java:628)
	at java.base/java.lang.Thread.run(Thread.java:829)
2024.01.06 16:58:21 INFO  compiling root (2 scala sources)
2024.01.06 16:58:21 INFO  time: compiled root in 0.31s
2024.01.06 16:58:24 WARN  Using indexes to guess the definition of Artist
2024.01.06 16:58:36 INFO  compiling root (2 scala sources)
2024.01.06 16:58:36 INFO  time: compiled root in 0.6s
2024.01.06 16:58:36 INFO  compiling root (2 scala sources)
2024.01.06 16:58:37 INFO  time: compiled root in 0.4s
janv. 06, 2024 5:03:06 PM scala.meta.internal.mtags.SymbolIndexBucket addMtagsSourceFile
AVERTISSEMENT: Error indexing C:\Users\msofi\project-ing\spotify_stream_scala\scala_streaming\src\main\scala\models\Artists.scala
java.nio.file.NoSuchFileException: C:\Users\msofi\project-ing\spotify_stream_scala\scala_streaming\src\main\scala\models\Artists.scala
	at java.base/sun.nio.fs.WindowsException.translateToIOException(WindowsException.java:85)
	at java.base/sun.nio.fs.WindowsException.rethrowAsIOException(WindowsException.java:103)
	at java.base/sun.nio.fs.WindowsException.rethrowAsIOException(WindowsException.java:108)
	at java.base/sun.nio.fs.WindowsFileSystemProvider.newByteChannel(WindowsFileSystemProvider.java:235)
	at java.base/java.nio.file.Files.newByteChannel(Files.java:371)
	at java.base/java.nio.file.Files.newByteChannel(Files.java:422)
	at java.base/java.nio.file.Files.readAllBytes(Files.java:3206)
	at scala.meta.internal.io.PlatformFileIO$.slurp(PlatformFileIO.scala:45)
	at scala.meta.internal.io.FileIO$.slurp(FileIO.scala:24)
	at scala.meta.internal.mtags.ScalametaCommonEnrichments$XtensionAbsolutePath.toInput(ScalametaCommonEnrichments.scala:415)
	at scala.meta.internal.mtags.Mtags.index(Mtags.scala:67)
	at scala.meta.internal.mtags.Mtags.allSymbols(Mtags.scala:21)
	at scala.meta.internal.mtags.SymbolIndexBucket.allSymbols(SymbolIndexBucket.scala:242)
	at scala.meta.internal.mtags.SymbolIndexBucket.addMtagsSourceFile(SymbolIndexBucket.scala:253)
	at scala.meta.internal.mtags.SymbolIndexBucket.$anonfun$query0$7(SymbolIndexBucket.scala:184)
	at scala.meta.internal.mtags.SymbolIndexBucket.$anonfun$query0$7$adapted(SymbolIndexBucket.scala:179)
	at scala.collection.IterableOnceOps.foreach(IterableOnce.scala:576)
	at scala.collection.IterableOnceOps.foreach$(IterableOnce.scala:574)
	at scala.collection.AbstractIterable.foreach(Iterable.scala:933)
	at scala.collection.IterableOps$WithFilter.foreach(Iterable.scala:903)
	at scala.meta.internal.mtags.SymbolIndexBucket.query0(SymbolIndexBucket.scala:179)
	at scala.meta.internal.mtags.SymbolIndexBucket.query(SymbolIndexBucket.scala:141)
	at scala.meta.internal.mtags.OnDemandSymbolIndex.$anonfun$findSymbolDefinition$1(OnDemandSymbolIndex.scala:141)
	at scala.collection.immutable.List.flatMap(List.scala:293)
	at scala.meta.internal.mtags.OnDemandSymbolIndex.findSymbolDefinition(OnDemandSymbolIndex.scala:141)
	at scala.meta.internal.mtags.OnDemandSymbolIndex.definition(OnDemandSymbolIndex.scala:48)
	at scala.meta.internal.metals.Docstrings.indexSymbol(Docstrings.scala:118)
	at scala.meta.internal.metals.Docstrings.documentation(Docstrings.scala:44)
	at scala.meta.internal.metals.MetalsSymbolSearch.documentation(MetalsSymbolSearch.scala:43)
	at scala.meta.internal.mtags.MtagsEnrichments$.symbolDocumentation(MtagsEnrichments.scala:253)
	at scala.meta.internal.pc.printer.MetalsPrinter.paramsDocs$lzyINIT1$1(MetalsPrinter.scala:184)
	at scala.meta.internal.pc.printer.MetalsPrinter.paramsDocs$1(MetalsPrinter.scala:188)
	at scala.meta.internal.pc.printer.MetalsPrinter.$anonfun$6(MetalsPrinter.scala:205)
	at scala.meta.internal.pc.printer.MetalsPrinter.paramLabel(MetalsPrinter.scala:354)
	at scala.meta.internal.pc.printer.MetalsPrinter.$anonfun$5(MetalsPrinter.scala:206)
	at scala.collection.immutable.List.flatMap(List.scala:293)
	at scala.meta.internal.pc.printer.MetalsPrinter.label$1$$anonfun$1(MetalsPrinter.scala:209)
	at scala.collection.immutable.List.flatMap(List.scala:293)
	at scala.meta.internal.pc.printer.MetalsPrinter.label$1(MetalsPrinter.scala:214)
	at scala.meta.internal.pc.printer.MetalsPrinter.defaultMethodSignature(MetalsPrinter.scala:217)
	at scala.meta.internal.pc.printer.MetalsPrinter.hoverSymbol(MetalsPrinter.scala:115)
	at scala.meta.internal.pc.HoverProvider$.hover(HoverProvider.scala:132)
	at scala.meta.internal.pc.ScalaPresentationCompiler.hover$$anonfun$1(ScalaPresentationCompiler.scala:342)
	at scala.meta.internal.pc.CompilerAccess.withSharedCompiler(CompilerAccess.scala:146)
	at scala.meta.internal.pc.CompilerAccess.withNonInterruptableCompiler$$anonfun$1(CompilerAccess.scala:132)
	at scala.meta.internal.pc.CompilerAccess.onCompilerJobQueue$$anonfun$1(CompilerAccess.scala:232)
	at scala.meta.internal.pc.CompilerJobQueue$Job.run(CompilerJobQueue.scala:152)
	at java.base/java.util.concurrent.ThreadPoolExecutor.runWorker(ThreadPoolExecutor.java:1128)
	at java.base/java.util.concurrent.ThreadPoolExecutor$Worker.run(ThreadPoolExecutor.java:628)
	at java.base/java.lang.Thread.run(Thread.java:829)

janv. 06, 2024 5:03:06 PM scala.meta.internal.mtags.SymbolIndexBucket addMtagsSourceFile
AVERTISSEMENT: Error indexing C:\Users\msofi\project-ing\spotify_stream_scala\scala_streaming\src\main\scala\models\Artists.scala
java.nio.file.NoSuchFileException: C:\Users\msofi\project-ing\spotify_stream_scala\scala_streaming\src\main\scala\models\Artists.scala
	at java.base/sun.nio.fs.WindowsException.translateToIOException(WindowsException.java:85)
	at java.base/sun.nio.fs.WindowsException.rethrowAsIOException(WindowsException.java:103)
	at java.base/sun.nio.fs.WindowsException.rethrowAsIOException(WindowsException.java:108)
	at java.base/sun.nio.fs.WindowsFileSystemProvider.newByteChannel(WindowsFileSystemProvider.java:235)
	at java.base/java.nio.file.Files.newByteChannel(Files.java:371)
	at java.base/java.nio.file.Files.newByteChannel(Files.java:422)
	at java.base/java.nio.file.Files.readAllBytes(Files.java:3206)
	at scala.meta.internal.io.PlatformFileIO$.slurp(PlatformFileIO.scala:45)
	at scala.meta.internal.io.FileIO$.slurp(FileIO.scala:24)
	at scala.meta.internal.mtags.ScalametaCommonEnrichments$XtensionAbsolutePath.toInput(ScalametaCommonEnrichments.scala:415)
	at scala.meta.internal.mtags.Mtags.index(Mtags.scala:67)
	at scala.meta.internal.mtags.Mtags.allSymbols(Mtags.scala:21)
	at scala.meta.internal.mtags.SymbolIndexBucket.allSymbols(SymbolIndexBucket.scala:242)
	at scala.meta.internal.mtags.SymbolIndexBucket.addMtagsSourceFile(SymbolIndexBucket.scala:253)
	at scala.meta.internal.mtags.SymbolIndexBucket.addMtagsSourceFile(SymbolIndexBucket.scala:264)
	at scala.meta.internal.mtags.SymbolIndexBucket.$anonfun$query0$7(SymbolIndexBucket.scala:184)
	at scala.meta.internal.mtags.SymbolIndexBucket.$anonfun$query0$7$adapted(SymbolIndexBucket.scala:179)
	at scala.collection.IterableOnceOps.foreach(IterableOnce.scala:576)
	at scala.collection.IterableOnceOps.foreach$(IterableOnce.scala:574)
	at scala.collection.AbstractIterable.foreach(Iterable.scala:933)
	at scala.collection.IterableOps$WithFilter.foreach(Iterable.scala:903)
	at scala.meta.internal.mtags.SymbolIndexBucket.query0(SymbolIndexBucket.scala:179)
	at scala.meta.internal.mtags.SymbolIndexBucket.query(SymbolIndexBucket.scala:141)
	at scala.meta.internal.mtags.OnDemandSymbolIndex.$anonfun$findSymbolDefinition$1(OnDemandSymbolIndex.scala:141)
	at scala.collection.immutable.List.flatMap(List.scala:293)
	at scala.meta.internal.mtags.OnDemandSymbolIndex.findSymbolDefinition(OnDemandSymbolIndex.scala:141)
	at scala.meta.internal.mtags.OnDemandSymbolIndex.definition(OnDemandSymbolIndex.scala:48)
	at scala.meta.internal.metals.Docstrings.indexSymbol(Docstrings.scala:118)
	at scala.meta.internal.metals.Docstrings.documentation(Docstrings.scala:44)
	at scala.meta.internal.metals.MetalsSymbolSearch.documentation(MetalsSymbolSearch.scala:43)
	at scala.meta.internal.mtags.MtagsEnrichments$.symbolDocumentation(MtagsEnrichments.scala:253)
	at scala.meta.internal.pc.printer.MetalsPrinter.paramsDocs$lzyINIT1$1(MetalsPrinter.scala:184)
	at scala.meta.internal.pc.printer.MetalsPrinter.paramsDocs$1(MetalsPrinter.scala:188)
	at scala.meta.internal.pc.printer.MetalsPrinter.$anonfun$6(MetalsPrinter.scala:205)
	at scala.meta.internal.pc.printer.MetalsPrinter.paramLabel(MetalsPrinter.scala:354)
	at scala.meta.internal.pc.printer.MetalsPrinter.$anonfun$5(MetalsPrinter.scala:206)
	at scala.collection.immutable.List.flatMap(List.scala:293)
	at scala.meta.internal.pc.printer.MetalsPrinter.label$1$$anonfun$1(MetalsPrinter.scala:209)
	at scala.collection.immutable.List.flatMap(List.scala:293)
	at scala.meta.internal.pc.printer.MetalsPrinter.label$1(MetalsPrinter.scala:214)
	at scala.meta.internal.pc.printer.MetalsPrinter.defaultMethodSignature(MetalsPrinter.scala:217)
	at scala.meta.internal.pc.printer.MetalsPrinter.hoverSymbol(MetalsPrinter.scala:115)
	at scala.meta.internal.pc.HoverProvider$.hover(HoverProvider.scala:132)
	at scala.meta.internal.pc.ScalaPresentationCompiler.hover$$anonfun$1(ScalaPresentationCompiler.scala:342)
	at scala.meta.internal.pc.CompilerAccess.withSharedCompiler(CompilerAccess.scala:146)
	at scala.meta.internal.pc.CompilerAccess.withNonInterruptableCompiler$$anonfun$1(CompilerAccess.scala:132)
	at scala.meta.internal.pc.CompilerAccess.onCompilerJobQueue$$anonfun$1(CompilerAccess.scala:232)
	at scala.meta.internal.pc.CompilerJobQueue$Job.run(CompilerJobQueue.scala:152)
	at java.base/java.util.concurrent.ThreadPoolExecutor.runWorker(ThreadPoolExecutor.java:1128)
	at java.base/java.util.concurrent.ThreadPoolExecutor$Worker.run(ThreadPoolExecutor.java:628)
	at java.base/java.lang.Thread.run(Thread.java:829)

Exception in thread "pool-8-thread-2" java.lang.InterruptedException
	at scala.meta.internal.metals.FutureCancelToken.checkCanceled(FutureCancelToken.scala:29)
	at scala.meta.internal.pc.CompilerAccess.onCompilerJobQueue$$anonfun$1(CompilerAccess.scala:230)
	at scala.meta.internal.pc.CompilerJobQueue$Job.run(CompilerJobQueue.scala:152)
	at java.base/java.util.concurrent.ThreadPoolExecutor.runWorker(ThreadPoolExecutor.java:1128)
	at java.base/java.util.concurrent.ThreadPoolExecutor$Worker.run(ThreadPoolExecutor.java:628)
	at java.base/java.lang.Thread.run(Thread.java:829)
Exception in thread "pool-8-thread-3" java.lang.InterruptedException
	at scala.meta.internal.metals.FutureCancelToken.checkCanceled(FutureCancelToken.scala:29)
	at scala.meta.internal.pc.CompilerAccess.onCompilerJobQueue$$anonfun$1(CompilerAccess.scala:230)
	at scala.meta.internal.pc.CompilerJobQueue$Job.run(CompilerJobQueue.scala:152)
	at java.base/java.util.concurrent.ThreadPoolExecutor.runWorker(ThreadPoolExecutor.java:1128)
	at java.base/java.util.concurrent.ThreadPoolExecutor$Worker.run(ThreadPoolExecutor.java:628)
	at java.base/java.lang.Thread.run(Thread.java:829)
2024.01.06 17:03:18 INFO  compiling root (2 scala sources)
2024.01.06 17:03:19 WARN  there were 3 deprecation warnings; re-run with -deprecation for details
2024.01.06 17:03:19 INFO  time: compiled root in 1.43s
2024.01.06 17:04:30 INFO  compiling root (2 scala sources)
2024.01.06 17:04:31 WARN  there were 3 deprecation warnings; re-run with -deprecation for details
2024.01.06 17:04:31 INFO  time: compiled root in 1.14s
2024.01.06 17:04:37 INFO  compiling root (2 scala sources)
2024.01.06 17:04:39 WARN  there were 3 deprecation warnings; re-run with -deprecation for details
2024.01.06 17:04:39 INFO  time: compiled root in 1.48s
janv. 06, 2024 5:04:52 PM org.eclipse.lsp4j.jsonrpc.services.GenericEndpoint notify
INFOS: Unsupported notification method: $/setTrace
janv. 06, 2024 5:05:29 PM org.eclipse.lsp4j.jsonrpc.services.GenericEndpoint notify
INFOS: Unsupported notification method: $/setTrace
2024.01.06 17:24:10 INFO  compiling root (1 scala source)
2024.01.06 17:24:10 WARN  Could not load snapshot text for C:\Users\msofi\project-ing\spotify_stream_scala\scala_streaming\src\main\scala\MainApp.scala
2024.01.06 17:24:10 WARN  Could not load snapshot text for C:\Users\msofi\project-ing\spotify_stream_scala\scala_streaming\src\main\scala\MainApp.scala
2024.01.06 17:24:11 WARN  there were 3 deprecation warnings; re-run with -deprecation for details
2024.01.06 17:24:11 INFO  time: compiled root in 1.23s
2024.01.06 17:25:57 INFO  compiling root (1 scala source)
2024.01.06 17:25:57 WARN  there were 3 deprecation warnings; re-run with -deprecation for details
2024.01.06 17:25:57 INFO  time: compiled root in 0.93s
janv. 06, 2024 5:26:36 PM org.eclipse.lsp4j.jsonrpc.services.GenericEndpoint notify
INFOS: Unsupported notification method: $/setTrace
janv. 06, 2024 7:46:06 PM org.eclipse.lsp4j.jsonrpc.RemoteEndpoint handleCancellation
AVERTISSEMENT: Unmatched cancel notification for request id 615
2024.01.06 20:10:11 INFO  Shutting down server
2024.01.06 20:10:11 INFO  shutting down Metals
2024.01.06 20:10:11 INFO  Shut down connection with build server.
2024.01.06 20:10:11 INFO  Exiting server
